<?xml version="1.0" encoding="UTF-8"?>
<testng-results ignored="0" total="1" passed="1" failed="0" skipped="0">
  <reporter-output>
  </reporter-output>
  <suite started-at="2021-09-30T13:09:47 IST" name="Default suite" finished-at="2021-09-30T13:11:30 IST" duration-ms="102733">
    <groups>
    </groups>
    <test started-at="2021-09-30T13:09:47 IST" name="Default test" finished-at="2021-09-30T13:11:30 IST" duration-ms="102733">
      <class name="com.testcases.LoginTestcase">
        <test-method is-config="true" signature="stratUp()[pri:0, instance:com.testcases.LoginTestcase@64aad6db]" started-at="2021-09-30T13:09:47 IST" name="stratUp" finished-at="2021-09-30T13:11:07 IST" duration-ms="79441" status="PASS">
          <reporter-output>
          </reporter-output>
        </test-method> <!-- stratUp -->
        <test-method signature="login()[pri:0, instance:com.testcases.LoginTestcase@64aad6db]" started-at="2021-09-30T13:11:07 IST" name="login" finished-at="2021-09-30T13:11:21 IST" duration-ms="14446" status="PASS">
          <reporter-output>
          </reporter-output>
        </test-method> <!-- login -->
        <test-method is-config="true" signature="close()[pri:0, instance:com.testcases.LoginTestcase@64aad6db]" started-at="2021-09-30T13:11:22 IST" name="close" finished-at="2021-09-30T13:11:30 IST" duration-ms="8240" status="PASS">
          <reporter-output>
          </reporter-output>
        </test-method> <!-- close -->
      </class> <!-- com.testcases.LoginTestcase -->
    </test> <!-- Default test -->
  </suite> <!-- Default suite -->
</testng-results>
